de
de/index.php
en
en/index.php
de/index
de/datenschutz.php
en/index
en/data-privacy.php
de/impressum.php
en/legal-info.php
de/sitemap.php
en/sitemap.php
de/suche.php
en/search.php
de/404.php
404.php
de/home.php
en/home.php
de/blog.php
en/blog.php
de/forum.php
en/bulletin-board.php
de/registrierung-profil.php
en/registration-profile.php
de/anmeldung.php
en/login.php
de/kontakt.php
en/contact.php
de/kontakt
de/kontakt/anfrageformular.php
en/contact
en/contact/anfrageformular.php
de/fussnote.php
en/footer.php
de/fussnote
de/fussnote/datenschutz.php
en/footer
en/footer/privacy.php
de/fussnote/impressum.php
en/footer/legal-info.php
de/fussnote/sitemap.php
en/footer/sitemap.php
de/fussnote/kontakt.php
en/footer/contact.php
de/info.php
en/info.php
de/landeseiten
de/landeseiten/beispiel-fuer-eine-landeseite.php
en/landing-pages
en/landing-pages/example-for-a-landing-page.php
